Using pre-set license
Built from '2020.2/release' branch; Version is '2020.2.1f1 (270dd8c3da1c) revision 2559448'; Using compiler version '192528614'; Build Type 'Release'
OS: 'Windows 10  (10.0.0) 64bit' Language: 'en' Physical Memory: 32712 MB
BatchMode: 1, IsHumanControllingUs: 0, StartBugReporterOnCrash: 0, Is64bit: 1, IsPro: 0

 COMMAND LINE ARGUMENTS:
C:\Program Files\Unity\Hub\Editor\2020.2.1f1\Editor\Unity.exe
-adb2
-batchMode
-noUpm
-name
AssetImportWorker0
-projectPath
C:/Users/meangpuPC/Desktop/unity/lab3/FPS
-logFile
Logs/AssetImportWorker0.log
-srvPort
64926
Successfully changed project path to: C:/Users/meangpuPC/Desktop/unity/lab3/FPS
C:/Users/meangpuPC/Desktop/unity/lab3/FPS
Using Asset Import Pipeline V2.
Refreshing native plugins compatible for Editor in 38.39 ms, found 0 plugins.
Preloading 0 native plugins for Editor in 0.00 ms.
Initialize engine version: 2020.2.1f1 (270dd8c3da1c)
[Subsystems] Discovering subsystems at path C:/Program Files/Unity/Hub/Editor/2020.2.1f1/Editor/Data/Resources/UnitySubsystems
[Subsystems] Discovering subsystems at path C:/Users/meangpuPC/Desktop/unity/lab3/FPS/Assets
GfxDevice: creating device client; threaded=0
Direct3D:
    Version:  Direct3D 11.0 [level 11.1]
    Renderer: AMD Radeon RX 5700 XT (ID=0x731f)
    Vendor:   
    VRAM:     8152 MB
    Driver:   27.20.14501.18003
Initialize mono
Mono path[0] = 'C:/Program Files/Unity/Hub/Editor/2020.2.1f1/Editor/Data/Managed'
Mono path[1] = 'C:/Program Files/Unity/Hub/Editor/2020.2.1f1/Editor/Data/MonoBleedingEdge/lib/mono/unityjit'
Mono config path = 'C:/Program Files/Unity/Hub/Editor/2020.2.1f1/Editor/Data/MonoBleedingEdge/etc'
Using monoOptions --debugger-agent=transport=dt_socket,embedding=1,server=y,suspend=n,address=127.0.0.1:56224
Begin MonoManager ReloadAssembly
Registering precompiled unity dll's ...
Register platform support module: C:/Program Files/Unity/Hub/Editor/2020.2.1f1/Editor/Data/PlaybackEngines/WebGLSupport/UnityEditor.WebGL.Extensions.dll
Register platform support module: C:/Program Files/Unity/Hub/Editor/2020.2.1f1/Editor/Data/PlaybackEngines/MacStandaloneSupport/UnityEditor.OSXStandalone.Extensions.dll
Register platform support module: C:/Program Files/Unity/Hub/Editor/2020.2.1f1/Editor/Data/PlaybackEngines/WindowsStandaloneSupport/UnityEditor.WindowsStandalone.Extensions.dll
Registered in 0.001983 seconds.
Native extension for WindowsStandalone target not found
Native extension for OSXStandalone target not found
Native extension for WebGL target not found
Refreshing native plugins compatible for Editor in 33.76 ms, found 0 plugins.
Preloading 0 native plugins for Editor in 0.00 ms.
Invoked RoslynAnalysisRunner static constructor.
RoslynAnalysisRunner will not be running.
RoslynAnalysisRunner has terminated.
Mono: successfully reloaded assembly
- Completed reload, in  1.177 seconds
Platform modules already initialized, skipping
Registering precompiled user dll's ...
Registered in 0.001519 seconds.
Begin MonoManager ReloadAssembly
Native extension for WindowsStandalone target not found
Native extension for OSXStandalone target not found
Native extension for WebGL target not found
Refreshing native plugins compatible for Editor in 0.46 ms, found 0 plugins.
Preloading 0 native plugins for Editor in 0.00 ms.
Invoked RoslynAnalysisRunner static constructor.
RoslynAnalysisRunner will not be running.
RoslynAnalysisRunner has terminated.
Mono: successfully reloaded assembly
- Completed reload, in  0.653 seconds
Platform modules already initialized, skipping
========================================================================
Worker process is ready to serve import requests
Launched and connected shader compiler UnityShaderCompiler.exe after 0.02 seconds
Refreshing native plugins compatible for Editor in 0.46 ms, found 0 plugins.
Preloading 0 native plugins for Editor in 0.00 ms.
Unloading 1570 Unused Serialized files (Serialized files now loaded: 0)
System memory in use before: 79.9 MB.
System memory in use after: 80.0 MB.

Unloading 33 unused Assets to reduce memory usage. Loaded Objects now: 2006.
Total: 2.001000 ms (FindLiveObjects: 0.214400 ms CreateObjectMapping: 0.047200 ms MarkObjects: 1.661500 ms  DeleteObjects: 0.076600 ms)

========================================================================
Received Import Request.
  path: Assets/Creator Kit - FPS/Scenes/TemplateScene
  artifactKey: Guid(a4fa9bf322269474ba572e200d9a1cd7) Importer(815301076,1909f56bfc062723c751e8b465ee728b)
Start importing Assets/Creator Kit - FPS/Scenes/TemplateScene using Guid(a4fa9bf322269474ba572e200d9a1cd7) Importer(815301076,1909f56bfc062723c751e8b465ee728b)  -> (artifact id: '7b5ef3cec4aba9d7d4fedea4a9c54d0d') in 0.007630 seconds
  Import took 0.009986 seconds .

========================================================================
Received Import Request.
  Time since last request: 18.645241 seconds.
  path: Assets/Creator Kit - FPS/Scenes/TemplateScene/Template.unity
  artifactKey: Guid(197f3b7d37744104591e49a2b56ad573) Importer(815301076,1909f56bfc062723c751e8b465ee728b)
Start importing Assets/Creator Kit - FPS/Scenes/TemplateScene/Template.unity using Guid(197f3b7d37744104591e49a2b56ad573) Importer(815301076,1909f56bfc062723c751e8b465ee728b)  -> (artifact id: '01d3bcd67422f6c1ca493c6a4e73cdb5') in 0.010530 seconds
  Import took 0.012775 seconds .

========================================================================
Received Import Request.
  Time since last request: 1.716553 seconds.
  path: Assets/Creator Kit - FPS/Scenes/TemplateScene/Template_room.unity
  artifactKey: Guid(96074c919a02b4c429aabdb3b4a9d038) Importer(815301076,1909f56bfc062723c751e8b465ee728b)
Start importing Assets/Creator Kit - FPS/Scenes/TemplateScene/Template_room.unity using Guid(96074c919a02b4c429aabdb3b4a9d038) Importer(815301076,1909f56bfc062723c751e8b465ee728b)  -> (artifact id: 'b6200bc5901eaafb2ddb6cb4b4eed503') in 0.020039 seconds
  Import took 0.022530 seconds .

========================================================================
Received Import Request.
  Time since last request: 16.943052 seconds.
  path: Assets/Creator Kit - FPS/Scenes/FPS-613040128-7.unity
  artifactKey: Guid(4e3d0f0f60e4bf0499ee4e0aabc25b20) Importer(815301076,1909f56bfc062723c751e8b465ee728b)
Start importing Assets/Creator Kit - FPS/Scenes/FPS-613040128-7.unity using Guid(4e3d0f0f60e4bf0499ee4e0aabc25b20) Importer(815301076,1909f56bfc062723c751e8b465ee728b)  -> (artifact id: '122d2e2d8d2155c4f05bb02b6dbe77b6') in 0.005855 seconds
  Import took 0.008213 seconds .

AssetImportWorkerClient::OnTransportError - code=2 error=End of file
